==============================================================================
20180129 20:32:36.245 - INFO - + START SUITE: Acceptancetest [ ]
==============================================================================
20180129 20:32:36.293 - INFO - +- START SUITE: Acceptancetest.HelloWorldTests [ ]
==============================================================================
20180129 20:32:36.297 - INFO - +-- START TEST: Say Hello [ ]
------------------------------------------------------------------------------
20180129 20:32:36.301 - INFO - +--- START KW: keywords.CustomKeywords.Greet Everyone [ ]
20180129 20:32:36.305 - INFO - +--- END KW: keywords.CustomKeywords.Greet Everyone (3)
------------------------------------------------------------------------------
20180129 20:32:36.318 - INFO - +-- END TEST: Say Hello (11)
------------------------------------------------------------------------------
20180129 20:32:36.320 - INFO - +-- START TEST: Say Hello In Pig Latin [ ]
------------------------------------------------------------------------------
20180129 20:32:36.323 - INFO - +--- START KW: keywords.CustomKeywords.Reverse Greet Everyone [ ]
20180129 20:32:36.326 - INFO - +--- END KW: keywords.CustomKeywords.Reverse Greet Everyone (3)
------------------------------------------------------------------------------
20180129 20:32:36.329 - INFO - +-- END TEST: Say Hello In Pig Latin (8)
------------------------------------------------------------------------------
20180129 20:32:36.331 - INFO - +-- START TEST: Make Sure You're Saying Hello [ ]
------------------------------------------------------------------------------
20180129 20:32:36.334 - INFO - +--- START KW: keywords.CustomKeywords.Greet Everyone [ ]
20180129 20:32:36.337 - INFO - ${result} = hello world
20180129 20:32:36.339 - INFO - +--- END KW: keywords.CustomKeywords.Greet Everyone (4)
~~~~~~~~~~~~~~~~~~~~~~~~~~~~~~~~~~~~~~~~~~~~~~~~~~~~~~~~~~~~~~~~~~~~~~~~~~~~~~
20180129 20:32:36.341 - INFO - +--- START KW: BuiltIn.Should Be Equal [ ${result} | hello world ]
20180129 20:32:36.346 - INFO - +--- END KW: BuiltIn.Should Be Equal (5)
------------------------------------------------------------------------------
20180129 20:32:36.349 - INFO - +-- END TEST: Make Sure You're Saying Hello (17)
------------------------------------------------------------------------------
20180129 20:32:36.350 - INFO - +-- START TEST: Make A Test That Fails [ ]
------------------------------------------------------------------------------
20180129 20:32:36.353 - INFO - +--- START KW: keywords.CustomKeywords.Reverse Greet Everyone [ ]
20180129 20:32:36.356 - INFO - ${result} = dlrow olleh
20180129 20:32:36.358 - INFO - +--- END KW: keywords.CustomKeywords.Reverse Greet Everyone (5)
~~~~~~~~~~~~~~~~~~~~~~~~~~~~~~~~~~~~~~~~~~~~~~~~~~~~~~~~~~~~~~~~~~~~~~~~~~~~~~
20180129 20:32:36.360 - INFO - +--- START KW: BuiltIn.Should Be Equal [ ${result} | dlrow olleh ]
20180129 20:32:36.364 - INFO - +--- END KW: BuiltIn.Should Be Equal (4)
------------------------------------------------------------------------------
20180129 20:32:36.366 - INFO - +-- END TEST: Make A Test That Fails (14)
------------------------------------------------------------------------------
20180129 20:32:36.373 - INFO - +- END SUITE: Acceptancetest.HelloWorldTests (119)
==============================================================================
20180129 20:32:36.380 - INFO - + END SUITE: Acceptancetest (374)
==============================================================================
